2018-02-27 14:37:09 INFO  DefaultTestContextBootstrapper:260 - Loaded default TestExecutionListener class names from location [META-INF/spring.factories]: [org.springframework.test.context.web.ServletTestExecutionListener, org.springframework.test.context.support.DirtiesContextBeforeModesTestExecutionListener, org.springframework.test.context.support.DependencyInjectionTestExecutionListener, org.springframework.test.context.support.DirtiesContextTestExecutionListener, org.springframework.test.context.transaction.TransactionalTestExecutionListener, org.springframework.test.context.jdbc.SqlScriptsTestExecutionListener]
2018-02-27 14:37:09 INFO  DefaultTestContextBootstrapper:187 - Using TestExecutionListeners: [org.springframework.test.context.web.ServletTestExecutionListener@1805618, org.springframework.test.context.support.DirtiesContextBeforeModesTestExecutionListener@ef9176, org.springframework.test.context.support.DependencyInjectionTestExecutionListener@166e5bd, org.springframework.test.context.support.DirtiesContextTestExecutionListener@d4004b, org.springframework.test.context.transaction.TransactionalTestExecutionListener@1f5b51f, org.springframework.test.context.jdbc.SqlScriptsTestExecutionListener@1bbe1b6]
2018-02-27 14:37:09 INFO  XmlBeanDefinitionReader:317 - Loading XML bean definitions from class path resource [appContext.xml]
2018-02-27 14:37:10 INFO  GenericApplicationContext:583 - Refreshing org.springframework.context.support.GenericApplicationContext@709393: startup date [Tue Feb 27 14:37:10 SGT 2018]; root of context hierarchy
2018-02-27 14:37:10 INFO  MLog:212 - MLog clients using slf4j logging.
2018-02-27 14:37:10 INFO  C3P0Registry:212 - Initializing c3p0-0.9.5.2 [built 08-December-2015 22:06:04 -0800; debug? true; trace: 10]
2018-02-27 14:37:10 INFO  LocalContainerEntityManagerFactoryBean:349 - Building JPA container EntityManagerFactory for persistence unit 'VendorManagementPersistentUnit'
2018-02-27 14:37:10 INFO  LogHelper:31 - HHH000204: Processing PersistenceUnitInfo [
	name: VendorManagementPersistentUnit
	...]
2018-02-27 14:37:11 INFO  Version:37 - HHH000412: Hibernate Core {5.1.3.Final}
2018-02-27 14:37:11 INFO  Environment:213 - HHH000206: hibernate.properties not found
2018-02-27 14:37:11 INFO  Environment:317 - HHH000021: Bytecode provider name : javassist
2018-02-27 14:37:11 INFO  Version:66 - HCANN000001: Hibernate Commons Annotations {5.0.1.Final}
2018-02-27 14:37:11 INFO  AbstractPoolBackedDataSource:212 - Initializing c3p0 pool... com.mchange.v2.c3p0.ComboPooledDataSource [ acquireIncrement -> 3, acquireRetryAttempts -> 30, acquireRetryDelay -> 1000, autoCommitOnClose -> false, automaticTestTable -> null, breakAfterAcquireFailure -> false, checkoutTimeout -> 5000, connectionCustomizerClassName -> null, connectionTesterClassName -> com.mchange.v2.c3p0.impl.DefaultConnectionTester, contextClassLoaderSource -> caller, dataSourceName -> 2xg09d9t1nddmiq1fx8efb|1099dd3, debugUnreturnedConnectionStackTraces -> false, description -> null, driverClass -> com.mysql.jdbc.Driver, extensions -> {}, factoryClassLocation -> null, forceIgnoreUnresolvedTransactions -> false, forceSynchronousCheckins -> false, forceUseNamedDriverClass -> false, identityToken -> 2xg09d9t1nddmiq1fx8efb|1099dd3, idleConnectionTestPeriod -> 60, initialPoolSize -> 3, jdbcUrl -> jdbc:mysql://localhost:3306/vendormanagement, maxAdministrativeTaskTime -> 0, maxConnectionAge -> 10, maxIdleTime -> 180, maxIdleTimeExcessConnections -> 0, maxPoolSize -> 25, maxStatements -> 0, maxStatementsPerConnection -> 0, minPoolSize -> 6, numHelperThreads -> 3, preferredTestQuery -> SELECT 1, privilegeSpawnedThreads -> false, properties -> {user=******, password=******}, propertyCycle -> 0, statementCacheNumDeferredCloseThreads -> 0, testConnectionOnCheckin -> true, testConnectionOnCheckout -> true, unreturnedConnectionTimeout -> 0, userOverrides -> {}, usesTraditionalReflectiveProxies -> false ]
2018-02-27 14:37:11 WARN  BasicResourcePool:220 - Bad pool size config, start 3 < min 6. Using 6 as start.
2018-02-27 14:37:11 INFO  Dialect:156 - HHH000400: Using dialect: org.hibernate.dialect.MySQL5InnoDBDialect
2018-02-27 14:37:12 INFO  Version:30 - HV000001: Hibernate Validator 5.4.0.Final
2018-02-27 14:37:13 INFO  Version:26 - HSEARCH000034: Hibernate Search 5.6.0.Final
2018-02-27 14:37:14 INFO  QueryTranslatorFactoryInitiator:47 - HHH000397: Using ASTQueryTranslatorFactory
2018-02-27 14:37:14 INFO  LocalContainerEntityManagerFactoryBean:379 - Initialized JPA EntityManagerFactory for persistence unit 'VendorManagementPersistentUnit'
2018-02-27 14:37:15 INFO  TransactionContext:101 - Began transaction (1) for test context [DefaultTestContext@4d23fa testClass = TestMailNotification, testInstance = com.beta.TestMailNotification@c8416a, testMethod = testSendEmailWithPurposeIsCompanyRegistrationEmailVerificationWithCC@TestMailNotification, testException = [null], mergedContextConfiguration = [MergedContextConfiguration@da6cbd testClass = TestMailNotification, locations = '{classpath:appContext.xml}', classes = '{}', contextInitializerClasses = '[]', activeProfiles = '{}', propertySourceLocations = '{}', propertySourceProperties = '{}', contextCustomizers = set[[empty]], contextLoader = 'org.springframework.test.context.support.DelegatingSmartContextLoader', parent = [null]]]; transaction manager [org.springframework.orm.jpa.JpaTransactionManager@1429040]; rollback [true]
2018-02-27 14:37:15 INFO  TransactionContext:136 - Rolled back transaction for test context [DefaultTestContext@4d23fa testClass = TestMailNotification, testInstance = com.beta.TestMailNotification@c8416a, testMethod = testSendEmailWithPurposeIsCompanyRegistrationEmailVerificationWithCC@TestMailNotification, testException = java.lang.ExceptionInInitializerError, mergedContextConfiguration = [MergedContextConfiguration@da6cbd testClass = TestMailNotification, locations = '{classpath:appContext.xml}', classes = '{}', contextInitializerClasses = '[]', activeProfiles = '{}', propertySourceLocations = '{}', propertySourceProperties = '{}', contextCustomizers = set[[empty]], contextLoader = 'org.springframework.test.context.support.DelegatingSmartContextLoader', parent = [null]]].
2018-02-27 14:37:15 INFO  GenericApplicationContext:984 - Closing org.springframework.context.support.GenericApplicationContext@709393: startup date [Tue Feb 27 14:37:10 SGT 2018]; root of context hierarchy
2018-02-27 14:37:15 INFO  LocalContainerEntityManagerFactoryBean:548 - Closing JPA EntityManagerFactory for persistence unit 'VendorManagementPersistentUnit'
2018-02-27 14:38:43 INFO  DefaultTestContextBootstrapper:260 - Loaded default TestExecutionListener class names from location [META-INF/spring.factories]: [org.springframework.test.context.web.ServletTestExecutionListener, org.springframework.test.context.support.DirtiesContextBeforeModesTestExecutionListener, org.springframework.test.context.support.DependencyInjectionTestExecutionListener, org.springframework.test.context.support.DirtiesContextTestExecutionListener, org.springframework.test.context.transaction.TransactionalTestExecutionListener, org.springframework.test.context.jdbc.SqlScriptsTestExecutionListener]
2018-02-27 14:38:43 INFO  DefaultTestContextBootstrapper:187 - Using TestExecutionListeners: [org.springframework.test.context.web.ServletTestExecutionListener@1805618, org.springframework.test.context.support.DirtiesContextBeforeModesTestExecutionListener@ef9176, org.springframework.test.context.support.DependencyInjectionTestExecutionListener@166e5bd, org.springframework.test.context.support.DirtiesContextTestExecutionListener@d4004b, org.springframework.test.context.transaction.TransactionalTestExecutionListener@1f5b51f, org.springframework.test.context.jdbc.SqlScriptsTestExecutionListener@1bbe1b6]
2018-02-27 14:38:43 INFO  XmlBeanDefinitionReader:317 - Loading XML bean definitions from class path resource [appContext.xml]
2018-02-27 14:38:43 INFO  GenericApplicationContext:583 - Refreshing org.springframework.context.support.GenericApplicationContext@121e813: startup date [Tue Feb 27 14:38:43 SGT 2018]; root of context hierarchy
2018-02-27 14:38:43 INFO  MLog:212 - MLog clients using slf4j logging.
2018-02-27 14:38:43 INFO  C3P0Registry:212 - Initializing c3p0-0.9.5.2 [built 08-December-2015 22:06:04 -0800; debug? true; trace: 10]
2018-02-27 14:38:44 INFO  LocalContainerEntityManagerFactoryBean:349 - Building JPA container EntityManagerFactory for persistence unit 'VendorManagementPersistentUnit'
2018-02-27 14:38:44 INFO  LogHelper:31 - HHH000204: Processing PersistenceUnitInfo [
	name: VendorManagementPersistentUnit
	...]
2018-02-27 14:38:44 INFO  Version:37 - HHH000412: Hibernate Core {5.1.3.Final}
2018-02-27 14:38:44 INFO  Environment:213 - HHH000206: hibernate.properties not found
2018-02-27 14:38:44 INFO  Environment:317 - HHH000021: Bytecode provider name : javassist
2018-02-27 14:38:44 INFO  Version:66 - HCANN000001: Hibernate Commons Annotations {5.0.1.Final}
2018-02-27 14:38:44 INFO  AbstractPoolBackedDataSource:212 - Initializing c3p0 pool... com.mchange.v2.c3p0.ComboPooledDataSource [ acquireIncrement -> 3, acquireRetryAttempts -> 30, acquireRetryDelay -> 1000, autoCommitOnClose -> false, automaticTestTable -> null, breakAfterAcquireFailure -> false, checkoutTimeout -> 5000, connectionCustomizerClassName -> null, connectionTesterClassName -> com.mchange.v2.c3p0.impl.DefaultConnectionTester, contextClassLoaderSource -> caller, dataSourceName -> 2xg09d9t1ndfmibmm1hpc|6a3214, debugUnreturnedConnectionStackTraces -> false, description -> null, driverClass -> com.mysql.jdbc.Driver, extensions -> {}, factoryClassLocation -> null, forceIgnoreUnresolvedTransactions -> false, forceSynchronousCheckins -> false, forceUseNamedDriverClass -> false, identityToken -> 2xg09d9t1ndfmibmm1hpc|6a3214, idleConnectionTestPeriod -> 60, initialPoolSize -> 3, jdbcUrl -> jdbc:mysql://localhost:3306/vendormanagement, maxAdministrativeTaskTime -> 0, maxConnectionAge -> 10, maxIdleTime -> 180, maxIdleTimeExcessConnections -> 0, maxPoolSize -> 25, maxStatements -> 0, maxStatementsPerConnection -> 0, minPoolSize -> 6, numHelperThreads -> 3, preferredTestQuery -> SELECT 1, privilegeSpawnedThreads -> false, properties -> {user=******, password=******}, propertyCycle -> 0, statementCacheNumDeferredCloseThreads -> 0, testConnectionOnCheckin -> true, testConnectionOnCheckout -> true, unreturnedConnectionTimeout -> 0, userOverrides -> {}, usesTraditionalReflectiveProxies -> false ]
2018-02-27 14:38:44 WARN  BasicResourcePool:220 - Bad pool size config, start 3 < min 6. Using 6 as start.
2018-02-27 14:38:44 INFO  Dialect:156 - HHH000400: Using dialect: org.hibernate.dialect.MySQL5InnoDBDialect
2018-02-27 14:38:45 INFO  Version:30 - HV000001: Hibernate Validator 5.4.0.Final
2018-02-27 14:38:45 INFO  Version:26 - HSEARCH000034: Hibernate Search 5.6.0.Final
2018-02-27 14:38:47 INFO  QueryTranslatorFactoryInitiator:47 - HHH000397: Using ASTQueryTranslatorFactory
2018-02-27 14:38:47 INFO  LocalContainerEntityManagerFactoryBean:379 - Initialized JPA EntityManagerFactory for persistence unit 'VendorManagementPersistentUnit'
2018-02-27 14:38:47 INFO  TransactionContext:101 - Began transaction (1) for test context [DefaultTestContext@1ffd148 testClass = TestMailNotification, testInstance = com.beta.TestMailNotification@324c9f, testMethod = testSendEmailWithPurposeIsCompanyRegistrationEmailVerificationWithCC@TestMailNotification, testException = [null], mergedContextConfiguration = [MergedContextConfiguration@1bd128b testClass = TestMailNotification, locations = '{classpath:appContext.xml}', classes = '{}', contextInitializerClasses = '[]', activeProfiles = '{}', propertySourceLocations = '{}', propertySourceProperties = '{}', contextCustomizers = set[[empty]], contextLoader = 'org.springframework.test.context.support.DelegatingSmartContextLoader', parent = [null]]]; transaction manager [org.springframework.orm.jpa.JpaTransactionManager@163a513]; rollback [true]
2018-02-27 14:38:47 INFO  TransactionContext:136 - Rolled back transaction for test context [DefaultTestContext@1ffd148 testClass = TestMailNotification, testInstance = com.beta.TestMailNotification@324c9f, testMethod = testSendEmailWithPurposeIsCompanyRegistrationEmailVerificationWithCC@TestMailNotification, testException = java.lang.ExceptionInInitializerError, mergedContextConfiguration = [MergedContextConfiguration@1bd128b testClass = TestMailNotification, locations = '{classpath:appContext.xml}', classes = '{}', contextInitializerClasses = '[]', activeProfiles = '{}', propertySourceLocations = '{}', propertySourceProperties = '{}', contextCustomizers = set[[empty]], contextLoader = 'org.springframework.test.context.support.DelegatingSmartContextLoader', parent = [null]]].
2018-02-27 14:38:47 INFO  GenericApplicationContext:984 - Closing org.springframework.context.support.GenericApplicationContext@121e813: startup date [Tue Feb 27 14:38:43 SGT 2018]; root of context hierarchy
2018-02-27 14:38:47 INFO  LocalContainerEntityManagerFactoryBean:548 - Closing JPA EntityManagerFactory for persistence unit 'VendorManagementPersistentUnit'
2018-02-27 14:39:14 INFO  DefaultTestContextBootstrapper:260 - Loaded default TestExecutionListener class names from location [META-INF/spring.factories]: [org.springframework.test.context.web.ServletTestExecutionListener, org.springframework.test.context.support.DirtiesContextBeforeModesTestExecutionListener, org.springframework.test.context.support.DependencyInjectionTestExecutionListener, org.springframework.test.context.support.DirtiesContextTestExecutionListener, org.springframework.test.context.transaction.TransactionalTestExecutionListener, org.springframework.test.context.jdbc.SqlScriptsTestExecutionListener]
2018-02-27 14:39:14 INFO  DefaultTestContextBootstrapper:187 - Using TestExecutionListeners: [org.springframework.test.context.web.ServletTestExecutionListener@1805618, org.springframework.test.context.support.DirtiesContextBeforeModesTestExecutionListener@ef9176, org.springframework.test.context.support.DependencyInjectionTestExecutionListener@166e5bd, org.springframework.test.context.support.DirtiesContextTestExecutionListener@d4004b, org.springframework.test.context.transaction.TransactionalTestExecutionListener@1f5b51f, org.springframework.test.context.jdbc.SqlScriptsTestExecutionListener@1bbe1b6]
2018-02-27 14:39:14 INFO  XmlBeanDefinitionReader:317 - Loading XML bean definitions from class path resource [appContext.xml]
2018-02-27 14:39:15 INFO  GenericApplicationContext:583 - Refreshing org.springframework.context.support.GenericApplicationContext@709393: startup date [Tue Feb 27 14:39:15 SGT 2018]; root of context hierarchy
2018-02-27 14:39:15 INFO  MLog:212 - MLog clients using slf4j logging.
2018-02-27 14:39:15 INFO  C3P0Registry:212 - Initializing c3p0-0.9.5.2 [built 08-December-2015 22:06:04 -0800; debug? true; trace: 10]
2018-02-27 14:39:15 INFO  LocalContainerEntityManagerFactoryBean:349 - Building JPA container EntityManagerFactory for persistence unit 'VendorManagementPersistentUnit'
2018-02-27 14:39:15 INFO  LogHelper:31 - HHH000204: Processing PersistenceUnitInfo [
	name: VendorManagementPersistentUnit
	...]
2018-02-27 14:39:16 INFO  Version:37 - HHH000412: Hibernate Core {5.1.3.Final}
2018-02-27 14:39:16 INFO  Environment:213 - HHH000206: hibernate.properties not found
2018-02-27 14:39:16 INFO  Environment:317 - HHH000021: Bytecode provider name : javassist
2018-02-27 14:39:16 INFO  Version:66 - HCANN000001: Hibernate Commons Annotations {5.0.1.Final}
2018-02-27 14:39:16 INFO  AbstractPoolBackedDataSource:212 - Initializing c3p0 pool... com.mchange.v2.c3p0.ComboPooledDataSource [ acquireIncrement -> 3, acquireRetryAttempts -> 30, acquireRetryDelay -> 1000, autoCommitOnClose -> false, automaticTestTable -> null, breakAfterAcquireFailure -> false, checkoutTimeout -> 5000, connectionCustomizerClassName -> null, connectionTesterClassName -> com.mchange.v2.c3p0.impl.DefaultConnectionTester, contextClassLoaderSource -> caller, dataSourceName -> 2xg09d9t1ndgb0v3kmnzy|1ffaf86, debugUnreturnedConnectionStackTraces -> false, description -> null, driverClass -> com.mysql.jdbc.Driver, extensions -> {}, factoryClassLocation -> null, forceIgnoreUnresolvedTransactions -> false, forceSynchronousCheckins -> false, forceUseNamedDriverClass -> false, identityToken -> 2xg09d9t1ndgb0v3kmnzy|1ffaf86, idleConnectionTestPeriod -> 60, initialPoolSize -> 3, jdbcUrl -> jdbc:mysql://localhost:3306/vendormanagement, maxAdministrativeTaskTime -> 0, maxConnectionAge -> 10, maxIdleTime -> 180, maxIdleTimeExcessConnections -> 0, maxPoolSize -> 25, maxStatements -> 0, maxStatementsPerConnection -> 0, minPoolSize -> 6, numHelperThreads -> 3, preferredTestQuery -> SELECT 1, privilegeSpawnedThreads -> false, properties -> {user=******, password=******}, propertyCycle -> 0, statementCacheNumDeferredCloseThreads -> 0, testConnectionOnCheckin -> true, testConnectionOnCheckout -> true, unreturnedConnectionTimeout -> 0, userOverrides -> {}, usesTraditionalReflectiveProxies -> false ]
2018-02-27 14:39:16 WARN  BasicResourcePool:220 - Bad pool size config, start 3 < min 6. Using 6 as start.
2018-02-27 14:39:16 INFO  Dialect:156 - HHH000400: Using dialect: org.hibernate.dialect.MySQL5InnoDBDialect
2018-02-27 14:39:17 INFO  Version:30 - HV000001: Hibernate Validator 5.4.0.Final
2018-02-27 14:39:17 INFO  Version:26 - HSEARCH000034: Hibernate Search 5.6.0.Final
2018-02-27 14:39:18 INFO  QueryTranslatorFactoryInitiator:47 - HHH000397: Using ASTQueryTranslatorFactory
2018-02-27 14:39:19 INFO  LocalContainerEntityManagerFactoryBean:379 - Initialized JPA EntityManagerFactory for persistence unit 'VendorManagementPersistentUnit'
2018-02-27 14:39:19 INFO  TransactionContext:101 - Began transaction (1) for test context [DefaultTestContext@11ff3ac testClass = TestMailNotification, testInstance = com.beta.TestMailNotification@5e6fc4, testMethod = testSendEmailWithPurposeIsSendToNextEmployeeVettorWithoutCC@TestMailNotification, testException = [null], mergedContextConfiguration = [MergedContextConfiguration@1c7a9e5 testClass = TestMailNotification, locations = '{classpath:appContext.xml}', classes = '{}', contextInitializerClasses = '[]', activeProfiles = '{}', propertySourceLocations = '{}', propertySourceProperties = '{}', contextCustomizers = set[[empty]], contextLoader = 'org.springframework.test.context.support.DelegatingSmartContextLoader', parent = [null]]]; transaction manager [org.springframework.orm.jpa.JpaTransactionManager@291795]; rollback [true]
2018-02-27 14:39:19 INFO  TransactionContext:136 - Rolled back transaction for test context [DefaultTestContext@11ff3ac testClass = TestMailNotification, testInstance = com.beta.TestMailNotification@5e6fc4, testMethod = testSendEmailWithPurposeIsSendToNextEmployeeVettorWithoutCC@TestMailNotification, testException = java.lang.ExceptionInInitializerError, mergedContextConfiguration = [MergedContextConfiguration@1c7a9e5 testClass = TestMailNotification, locations = '{classpath:appContext.xml}', classes = '{}', contextInitializerClasses = '[]', activeProfiles = '{}', propertySourceLocations = '{}', propertySourceProperties = '{}', contextCustomizers = set[[empty]], contextLoader = 'org.springframework.test.context.support.DelegatingSmartContextLoader', parent = [null]]].
2018-02-27 14:39:19 INFO  GenericApplicationContext:984 - Closing org.springframework.context.support.GenericApplicationContext@709393: startup date [Tue Feb 27 14:39:15 SGT 2018]; root of context hierarchy
2018-02-27 14:39:19 INFO  LocalContainerEntityManagerFactoryBean:548 - Closing JPA EntityManagerFactory for persistence unit 'VendorManagementPersistentUnit'
2018-02-27 14:40:41 INFO  DefaultTestContextBootstrapper:260 - Loaded default TestExecutionListener class names from location [META-INF/spring.factories]: [org.springframework.test.context.web.ServletTestExecutionListener, org.springframework.test.context.support.DirtiesContextBeforeModesTestExecutionListener, org.springframework.test.context.support.DependencyInjectionTestExecutionListener, org.springframework.test.context.support.DirtiesContextTestExecutionListener, org.springframework.test.context.transaction.TransactionalTestExecutionListener, org.springframework.test.context.jdbc.SqlScriptsTestExecutionListener]
2018-02-27 14:40:41 INFO  DefaultTestContextBootstrapper:187 - Using TestExecutionListeners: [org.springframework.test.context.web.ServletTestExecutionListener@1805618, org.springframework.test.context.support.DirtiesContextBeforeModesTestExecutionListener@ef9176, org.springframework.test.context.support.DependencyInjectionTestExecutionListener@166e5bd, org.springframework.test.context.support.DirtiesContextTestExecutionListener@d4004b, org.springframework.test.context.transaction.TransactionalTestExecutionListener@1f5b51f, org.springframework.test.context.jdbc.SqlScriptsTestExecutionListener@1bbe1b6]
2018-02-27 14:40:41 INFO  XmlBeanDefinitionReader:317 - Loading XML bean definitions from class path resource [appContext.xml]
2018-02-27 14:40:41 INFO  GenericApplicationContext:583 - Refreshing org.springframework.context.support.GenericApplicationContext@709393: startup date [Tue Feb 27 14:40:41 SGT 2018]; root of context hierarchy
2018-02-27 14:40:42 INFO  MLog:212 - MLog clients using slf4j logging.
2018-02-27 14:40:42 INFO  C3P0Registry:212 - Initializing c3p0-0.9.5.2 [built 08-December-2015 22:06:04 -0800; debug? true; trace: 10]
2018-02-27 14:40:42 INFO  LocalContainerEntityManagerFactoryBean:349 - Building JPA container EntityManagerFactory for persistence unit 'VendorManagementPersistentUnit'
2018-02-27 14:40:42 INFO  LogHelper:31 - HHH000204: Processing PersistenceUnitInfo [
	name: VendorManagementPersistentUnit
	...]
2018-02-27 14:40:42 INFO  Version:37 - HHH000412: Hibernate Core {5.1.3.Final}
2018-02-27 14:40:42 INFO  Environment:213 - HHH000206: hibernate.properties not found
2018-02-27 14:40:42 INFO  Environment:317 - HHH000021: Bytecode provider name : javassist
2018-02-27 14:40:42 INFO  Version:66 - HCANN000001: Hibernate Commons Annotations {5.0.1.Final}
2018-02-27 14:40:43 INFO  AbstractPoolBackedDataSource:212 - Initializing c3p0 pool... com.mchange.v2.c3p0.ComboPooledDataSource [ acquireIncrement -> 3, acquireRetryAttempts -> 30, acquireRetryDelay -> 1000, autoCommitOnClose -> false, automaticTestTable -> null, breakAfterAcquireFailure -> false, checkoutTimeout -> 5000, connectionCustomizerClassName -> null, connectionTesterClassName -> com.mchange.v2.c3p0.impl.DefaultConnectionTester, contextClassLoaderSource -> caller, dataSourceName -> 2xg09d9t1ndi5vvt223gw|1ffaf86, debugUnreturnedConnectionStackTraces -> false, description -> null, driverClass -> com.mysql.jdbc.Driver, extensions -> {}, factoryClassLocation -> null, forceIgnoreUnresolvedTransactions -> false, forceSynchronousCheckins -> false, forceUseNamedDriverClass -> false, identityToken -> 2xg09d9t1ndi5vvt223gw|1ffaf86, idleConnectionTestPeriod -> 60, initialPoolSize -> 3, jdbcUrl -> jdbc:mysql://localhost:3306/vendormanagement, maxAdministrativeTaskTime -> 0, maxConnectionAge -> 10, maxIdleTime -> 180, maxIdleTimeExcessConnections -> 0, maxPoolSize -> 25, maxStatements -> 0, maxStatementsPerConnection -> 0, minPoolSize -> 6, numHelperThreads -> 3, preferredTestQuery -> SELECT 1, privilegeSpawnedThreads -> false, properties -> {user=******, password=******}, propertyCycle -> 0, statementCacheNumDeferredCloseThreads -> 0, testConnectionOnCheckin -> true, testConnectionOnCheckout -> true, unreturnedConnectionTimeout -> 0, userOverrides -> {}, usesTraditionalReflectiveProxies -> false ]
2018-02-27 14:40:43 WARN  BasicResourcePool:220 - Bad pool size config, start 3 < min 6. Using 6 as start.
2018-02-27 14:40:43 INFO  Dialect:156 - HHH000400: Using dialect: org.hibernate.dialect.MySQL5InnoDBDialect
2018-02-27 14:40:43 INFO  Version:30 - HV000001: Hibernate Validator 5.4.0.Final
2018-02-27 14:40:43 INFO  Version:26 - HSEARCH000034: Hibernate Search 5.6.0.Final
2018-02-27 14:40:45 INFO  QueryTranslatorFactoryInitiator:47 - HHH000397: Using ASTQueryTranslatorFactory
2018-02-27 14:40:45 INFO  LocalContainerEntityManagerFactoryBean:379 - Initialized JPA EntityManagerFactory for persistence unit 'VendorManagementPersistentUnit'
2018-02-27 14:40:45 INFO  TransactionContext:101 - Began transaction (1) for test context [DefaultTestContext@5e6fc4 testClass = TestMailNotification, testInstance = com.beta.TestMailNotification@185db06, testMethod = testSendEmailWithPurposeIsSendToNextEmployeeVettorWithoutCC@TestMailNotification, testException = [null], mergedContextConfiguration = [MergedContextConfiguration@151c3a2 testClass = TestMailNotification, locations = '{classpath:appContext.xml}', classes = '{}', contextInitializerClasses = '[]', activeProfiles = '{}', propertySourceLocations = '{}', propertySourceProperties = '{}', contextCustomizers = set[[empty]], contextLoader = 'org.springframework.test.context.support.DelegatingSmartContextLoader', parent = [null]]]; transaction manager [org.springframework.orm.jpa.JpaTransactionManager@14c5e41]; rollback [true]
2018-02-27 14:40:46 INFO  TransactionContext:136 - Rolled back transaction for test context [DefaultTestContext@5e6fc4 testClass = TestMailNotification, testInstance = com.beta.TestMailNotification@185db06, testMethod = testSendEmailWithPurposeIsSendToNextEmployeeVettorWithoutCC@TestMailNotification, testException = java.lang.ExceptionInInitializerError, mergedContextConfiguration = [MergedContextConfiguration@151c3a2 testClass = TestMailNotification, locations = '{classpath:appContext.xml}', classes = '{}', contextInitializerClasses = '[]', activeProfiles = '{}', propertySourceLocations = '{}', propertySourceProperties = '{}', contextCustomizers = set[[empty]], contextLoader = 'org.springframework.test.context.support.DelegatingSmartContextLoader', parent = [null]]].
2018-02-27 14:40:46 INFO  GenericApplicationContext:984 - Closing org.springframework.context.support.GenericApplicationContext@709393: startup date [Tue Feb 27 14:40:41 SGT 2018]; root of context hierarchy
2018-02-27 14:40:46 INFO  LocalContainerEntityManagerFactoryBean:548 - Closing JPA EntityManagerFactory for persistence unit 'VendorManagementPersistentUnit'
